<?xml version="1.0" encoding="UTF-8"?>
<testng-results ignored="0" total="2" passed="2" failed="0" skipped="0">
  <reporter-output>
  </reporter-output>
  <suite started-at="2025-05-22T07:46:01 IST" name="Default suite" finished-at="2025-05-22T07:46:28 IST" duration-ms="26419">
    <groups>
    </groups>
    <test started-at="2025-05-22T07:46:01 IST" name="Default test" finished-at="2025-05-22T07:46:28 IST" duration-ms="26419">
      <class name="mytest.Program1">
        <test-method is-config="true" signature="setUp()[pri:0, instance:mytest.Program1@34e9fd99]" started-at="2025-05-22T07:46:01 IST" name="setUp" finished-at="2025-05-22T07:46:19 IST" duration-ms="17830" status="PASS">
          <reporter-output>
          </reporter-output>
        </test-method> <!-- setUp -->
        <test-method signature="verifyLogo()[pri:0, instance:mytest.Program1@34e9fd99]" started-at="2025-05-22T07:46:19 IST" name="verifyLogo" finished-at="2025-05-22T07:46:19 IST" duration-ms="255" status="PASS">
          <reporter-output>
          </reporter-output>
        </test-method> <!-- verifyLogo -->
        <test-method is-config="true" signature="tearDown()[pri:0, instance:mytest.Program1@34e9fd99]" started-at="2025-05-22T07:46:19 IST" name="tearDown" finished-at="2025-05-22T07:46:20 IST" duration-ms="769" status="PASS">
          <reporter-output>
          </reporter-output>
        </test-method> <!-- tearDown -->
        <test-method is-config="true" signature="setUp()[pri:0, instance:mytest.Program1@34e9fd99]" started-at="2025-05-22T07:46:20 IST" name="setUp" finished-at="2025-05-22T07:46:27 IST" duration-ms="6654" status="PASS">
          <reporter-output>
          </reporter-output>
        </test-method> <!-- setUp -->
        <test-method signature="verifyTitle()[pri:0, instance:mytest.Program1@34e9fd99]" started-at="2025-05-22T07:46:27 IST" name="verifyTitle" finished-at="2025-05-22T07:46:27 IST" duration-ms="328" status="PASS">
          <reporter-output>
          </reporter-output>
        </test-method> <!-- verifyTitle -->
        <test-method is-config="true" signature="tearDown()[pri:0, instance:mytest.Program1@34e9fd99]" started-at="2025-05-22T07:46:27 IST" name="tearDown" finished-at="2025-05-22T07:46:28 IST" duration-ms="481" status="PASS">
          <reporter-output>
          </reporter-output>
        </test-method> <!-- tearDown -->
      </class> <!-- mytest.Program1 -->
    </test> <!-- Default test -->
  </suite> <!-- Default suite -->
</testng-results>
